OxCal v4.3.2 Bronk Ramsey (2017); r:5
 IntCal13 atmospheric curve (Reimer et al 2013)
Exp(1,-10,0)
  68.2% probability
    -1 (68.2%) -0
  95.4% probability
    -3 (95.4%) -0
U(0,3)
  68.2% probability
    0 (68.2%) 3
  95.4% probability
    0 (95.4%) 3
Charcoal Outlier_Model()
SHCal13 Curve(SHCal13.14c)
 SHCal13 atmospheric curve (Hogg et al 2013)
Start_Colonization Prior(Start_Colonization.prior)
  68.2% probability
    1210AD (68.2%) 1263AD
  95.4% probability
    1151AD (95.4%) 1277AD
( After 
After()
  68.2% probability
    1245 (68.2%) ...
  95.4% probability
    1266 (95.4%) ...
) After 
Start TPQs Boundary()
I-456 R_Date(460,75)
  68.2% probability
    1418AD (51.0%) 1509AD
    1581AD (17.2%) 1621AD
  95.4% probability
    1401AD (95.4%) 1637AD
( Phase TPQ
TPQ Phase()
) Phase TPQ
End TPQs Boundary()
Start Akivi 
Start TAQs Boundary()
M-1370 R_Date(425,100)
Warning! Date may extend out of range - 425+/-100BP
  68.2% probability
    1442AD (33.5%) 1522AD
    1536AD (34.7%) 1627AD
  95.4% probability
    1326AD ( 0.7%) 1341AD
    1390AD (91.3%) 1675AD
    1739AD ( 3.4%) 1798AD
( Phase TAQ
TAQ Phase()
) Phase TAQ
End Akivi Boundary()
U(1838,1868)
  68.2% probability
    1837AD (68.2%) 1867AD
  95.4% probability
    1837AD (95.4%) 1867AD
( Before Moai Fall
Moai Fall Before()
  68.2% probability
    ... (68.2%) 1848
  95.4% probability
    ... (95.4%) 1840
) Before Moai Fall
( Sequence Akivi
Akivi Sequence()
) Sequence Akivi
i : Using logs - local probility low
Posterior 
( MCMC(30000)
Overall agreement 104.3%
Dynamic agreement 104.8%
Charcoal Posterior 
  68.2% probability
    -32 (68.2%) 2
  95.4% probability
    -191 ( 0.3%) -185
    -178 (95.1%) 2
Posterior 
Posterior 
  68.2% probability
    0 (63.5%) 2
    2 ( 4.7%) 2
  95.4% probability
    0 (94.9%) 2
    2 ( 0.5%) 2
 Agreement 100.0%
Start_Colonization Posterior 
  68.2% probability
    1210AD (68.2%) 1262AD
  95.4% probability
    1150AD (95.4%) 1277AD
 Agreement  99.3%
Start TPQs Posterior 
  68.2% probability
    1382AD (68.2%) 1559AD
  95.4% probability
    1259AD (95.4%) 1652AD
I-456 Posterior 
  68.2% probability
    1419AD (65.8%) 1540AD
    1550AD ( 2.4%) 1558AD
  95.4% probability
    1395AD (95.4%) 1675AD
 Agreement 106.7%
End TPQs Posterior 
  68.2% probability
    1443AD (68.2%) 1586AD
  95.4% probability
    1407AD (95.4%) 1701AD
Start Akivi Posterior 
  68.2% probability
    1465AD (68.2%) 1613AD
  95.4% probability
    1423AD (95.4%) 1727AD
Start TAQs Posterior 
  68.2% probability
    1480AD (68.2%) 1638AD
  95.4% probability
    1437AD (95.4%) 1766AD
M-1370 Posterior 
  68.2% probability
    1498AD (68.2%) 1666AD
  95.4% probability
    1455AD (95.4%) 1794AD
 Agreement 103.6%
End Akivi Posterior 
  68.2% probability
    1497AD (68.2%) 1718AD
  95.4% probability
    1475AD (95.4%) 1841AD
Posterior 
  68.2% probability
    1838AD ( 0.7%) 1838AD
    1840AD ( 1.0%) 1841AD
    1841AD ( 2.9%) 1842AD
    1843AD ( 1.1%) 1844AD
    1845AD ( 5.9%) 1847AD
    1847AD (35.7%) 1860AD
    1861AD (20.8%) 1867AD
  95.4% probability
    1838AD ( 4.1%) 1839AD
    1840AD (14.8%) 1844AD
    1844AD (76.5%) 1867AD
 Agreement 100.0%
) MCMC(240000)
