OxCal v4.3.2 Bronk Ramsey (2017); r:5
 IntCal13 atmospheric curve (Reimer et al 2013)
Exp(1,-10,0)
  68.2% probability
    -1 (68.2%) -0
  95.4% probability
    -3 (95.4%) -0
U(0,3)
  68.2% probability
    0 (68.2%) 3
  95.4% probability
    0 (95.4%) 3
Charcoal Outlier_Model()
SHCal13 Curve(SHCal13.14c)
 SHCal13 atmospheric curve (Hogg et al 2013)
Start_Colonization Prior(Start_Colonization.prior)
  68.2% probability
    1210AD (68.2%) 1263AD
  95.4% probability
    1151AD (95.4%) 1277AD
( After 
After()
  68.2% probability
    1245 (68.2%) ...
  95.4% probability
    1266 (95.4%) ...
) After 
Start TPQs Boundary()
KIA-26464 R_Date(700,25)
  68.2% probability
    1296AD (30.0%) 1317AD
    1355AD (38.2%) 1382AD
  95.4% probability
    1285AD (42.7%) 1327AD
    1341AD (52.7%) 1391AD
KIA-26453 R_Date(675,25)
  68.2% probability
    1302AD (26.2%) 1327AD
    1341AD (26.1%) 1365AD
    1375AD (16.0%) 1390AD
  95.4% probability
    1297AD (95.4%) 1393AD
KIA-29812 R_Date(630,25)
  68.2% probability
    1322AD (44.8%) 1347AD
    1388AD (23.4%) 1401AD
  95.4% probability
    1311AD (59.1%) 1360AD
    1379AD (36.3%) 1413AD
( Phase TPQ
TPQ Phase()
) Phase TPQ
Start Motu Toremo Hiva Boundary()
KIA-26452 R_Date(675,20)
  68.2% probability
    1302AD (25.9%) 1326AD
    1341AD (26.0%) 1364AD
    1376AD (16.3%) 1390AD
  95.4% probability
    1299AD (95.4%) 1392AD
KIA-26461 R_Date(630,25)
  68.2% probability
    1322AD (44.8%) 1347AD
    1388AD (23.4%) 1401AD
  95.4% probability
    1311AD (59.1%) 1360AD
    1379AD (36.3%) 1413AD
KIA-29813 R_Date(610,25)
  68.2% probability
    1326AD (21.9%) 1341AD
    1390AD (46.3%) 1410AD
  95.4% probability
    1319AD (37.1%) 1352AD
    1385AD (58.3%) 1421AD
( Phase Targets
Targets Phase()
) Phase Targets
Start TAQs Boundary()
KIA-29814 R_Date(325,25)
  68.2% probability
    1512AD (34.5%) 1549AD
    1561AD ( 7.7%) 1572AD
    1623AD (26.0%) 1647AD
  95.4% probability
    1503AD (63.2%) 1591AD
    1615AD (32.2%) 1654AD
KIA-26487 R_Date(240,20)
  68.2% probability
    1657AD (20.7%) 1672AD
    1744AD (19.7%) 1759AD
    1764AD ( 2.6%) 1767AD
    1779AD (25.2%) 1797AD
  95.4% probability
    1650AD (27.3%) 1677AD
    1735AD (68.1%) 1799AD
( Phase TAQ
TAQ Phase()
) Phase TAQ
End Motu Toremo Hiva Boundary()
U(1838,1868)
  68.2% probability
    1837AD (68.2%) 1867AD
  95.4% probability
    1837AD (95.4%) 1867AD
( Before Moai Fall
Moai Fall Before()
  68.2% probability
    ... (68.2%) 1848
  95.4% probability
    ... (95.4%) 1840
) Before Moai Fall
( Sequence Motu Toremo Hiva
Motu Toremo Hiva Sequence()
) Sequence Motu Toremo Hiva
i : Using logs - local probility low
Posterior 
( MCMC(30000)
Overall agreement  95.8%
Dynamic agreement  95.1%
Charcoal Posterior 
  68.2% probability
    -12 (68.2%) 2
  95.4% probability
    -58 (95.4%) 2
Posterior 
Posterior 
  68.2% probability
    0 (68.2%) 1
  95.4% probability
    0 (95.4%) 2
 Agreement 100.0%
Start_Colonization Posterior 
  68.2% probability
    1210AD (68.2%) 1262AD
  95.4% probability
    1153AD (95.4%) 1277AD
 Agreement  99.4%
Start TPQs Posterior 
  68.2% probability
    1289AD (68.2%) 1355AD
  95.4% probability
    1254AD (95.4%) 1395AD
KIA-26464 Posterior 
  68.2% probability
    1306AD (33.9%) 1334AD
    1350AD (34.3%) 1385AD
  95.4% probability
    1296AD (95.4%) 1399AD
 Agreement  93.8%
KIA-26453 Posterior 
  68.2% probability
    1311AD (68.2%) 1369AD
  95.4% probability
    1301AD (95.4%) 1400AD
 Agreement 101.8%
KIA-29812 Posterior 
  68.2% probability
    1318AD (68.2%) 1360AD
  95.4% probability
    1310AD (95.4%) 1401AD
 Agreement  93.5%
Start Motu Toremo Hiva Posterior 
  68.2% probability
    1326AD (25.8%) 1351AD
    1363AD (42.4%) 1399AD
  95.4% probability
    1316AD (95.4%) 1414AD
KIA-26452 Posterior 
  68.2% probability
    1348AD (14.6%) 1365AD
    1375AD (53.6%) 1409AD
  95.4% probability
    1323AD (95.4%) 1437AD
 Agreement  96.7%
KIA-26461 Posterior 
  68.2% probability
    1338AD (12.7%) 1353AD
    1385AD (55.5%) 1416AD
  95.4% probability
    1325AD (95.4%) 1438AD
 Agreement 100.0%
KIA-29813 Posterior 
  68.2% probability
    1340AD ( 5.5%) 1347AD
    1389AD (62.7%) 1420AD
  95.4% probability
    1325AD (22.3%) 1373AD
    1380AD (73.1%) 1448AD
 Agreement 107.1%
Start TAQs Posterior 
  68.2% probability
    1345AD ( 7.2%) 1364AD
    1390AD (61.0%) 1466AD
  95.4% probability
    1329AD (95.4%) 1584AD
KIA-29814 Posterior 
  68.2% probability
    1519AD (43.1%) 1581AD
    1626AD (25.1%) 1654AD
  95.4% probability
    1506AD (95.4%) 1677AD
 Agreement  99.5%
KIA-26487 Posterior 
  68.2% probability
    1651AD (55.0%) 1689AD
    1746AD (13.2%) 1769AD
  95.4% probability
    1646AD (63.8%) 1706AD
    1735AD (31.6%) 1805AD
 Agreement  94.6%
End Motu Toremo Hiva Posterior 
  68.2% probability
    1671AD (27.0%) 1717AD
    1761AD (41.2%) 1838AD
  95.4% probability
    1664AD (95.4%) 1849AD
Posterior 
  68.2% probability
    1846AD ( 3.0%) 1846AD
    1847AD ( 2.5%) 1848AD
    1849AD (62.7%) 1867AD
  95.4% probability
    1838AD (95.4%) 1867AD
 Agreement 100.0%
) MCMC(1008000)
