OxCal v4.3.2 Bronk Ramsey (2017); r:5
 IntCal13 atmospheric curve (Reimer et al 2013)
Warning! Duplicate names - SHCal13
Exp(1,-10,0)
  68.2% probability
    -1 (68.2%) -0
  95.4% probability
    -3 (95.4%) -0
U(0,3)
  68.2% probability
    0 (68.2%) 3
  95.4% probability
    0 (95.4%) 3
Charcoal Outlier_Model()
T(5)
  68.2% probability
    -1 (68.2%) 1
  95.4% probability
    -3 (95.4%) 3
U(0,4)
  68.2% probability
    0 (68.2%) 4
  95.4% probability
    0 (95.4%) 4
General Outlier_Model()
SHCal13 Curve(SHCal13.14c)
 SHCal13 atmospheric curve (Hogg et al 2013)
Start_Colonization Prior(Start_Colonization.prior)
  68.2% probability
    1210AD (68.2%) 1262AD
  95.4% probability
    1151AD (95.4%) 1276AD
( After 
After()
  68.2% probability
    1244 (68.2%) ...
  95.4% probability
    1266 (95.4%) ...
) After 
Start TPQs Boundary()
KIA-26464 R_Date(700,25)
  68.2% probability
    1296AD (30.0%) 1316AD
    1355AD (38.2%) 1382AD
  95.4% probability
    1285AD (42.7%) 1326AD
    1340AD (52.7%) 1390AD
KIA-26453 R_Date(675,25)
  68.2% probability
    1302AD (26.2%) 1326AD
    1340AD (26.1%) 1365AD
    1375AD (16.0%) 1390AD
  95.4% probability
    1296AD (95.4%) 1393AD
KIA-29812 R_Date(630,25)
  68.2% probability
    1322AD (44.8%) 1347AD
    1388AD (23.4%) 1400AD
  95.4% probability
    1311AD (59.1%) 1360AD
    1378AD (36.3%) 1412AD
( Phase TPQ
TPQ Phase()
) Phase TPQ
Start Motu Toremo Hiva Boundary()
KIA-26452 R_Date(675,20)
  68.2% probability
    1302AD (25.9%) 1326AD
    1341AD (26.0%) 1364AD
    1376AD (16.3%) 1390AD
  95.4% probability
    1299AD (95.4%) 1392AD
KIA-26461 R_Date(630,25)
  68.2% probability
    1322AD (44.8%) 1347AD
    1388AD (23.4%) 1400AD
  95.4% probability
    1311AD (59.1%) 1360AD
    1378AD (36.3%) 1412AD
KIA-29813 R_Date(610,25)
  68.2% probability
    1326AD (21.9%) 1340AD
    1390AD (46.3%) 1410AD
  95.4% probability
    1318AD (37.1%) 1352AD
    1385AD (58.3%) 1420AD
( Phase Targets
Targets Phase()
) Phase Targets
Start TAQs Boundary()
KIA-29814 R_Date(325,25)
  68.2% probability
    1512AD (34.5%) 1549AD
    1560AD ( 7.7%) 1572AD
    1622AD (26.0%) 1647AD
  95.4% probability
    1503AD (63.2%) 1591AD
    1615AD (32.2%) 1654AD
KIA-26487 R_Date(240,20)
  68.2% probability
    1656AD (20.7%) 1672AD
    1744AD (19.7%) 1759AD
    1764AD ( 2.6%) 1766AD
    1779AD (25.2%) 1796AD
  95.4% probability
    1650AD (27.3%) 1677AD
    1734AD (68.1%) 1799AD
SHCal13 Curve(SHCal13.14c)
 SHCal13 atmospheric curve (Hogg et al 2013)
Marine13 Curve(Marine13.14c)
 Marine13 marine curve (Reimer et al 2013)
LocalMarine Delta_R(-83,34)
  68.2% probability
    -119 (68.2%) -47
  95.4% probability
    -152 (95.4%) -14
Mixed Mix_Curves(SHCal13,LocalMarine,50,10)
  68.2% probability
    40 (68.2%) 60
  95.4% probability
    30 (95.4%) 70
KIA-26483 R_Date(150,20)
Warning! Date probably out of range - 150+/-20BP
  68.2% probability
    1819AD ( 5.7%) 1828AD
    1890AD (62.5%) 1930AD
  95.4% probability
    1814AD (11.1%) 1838AD
    1845AD ( 6.2%) 1868AD
    1876AD (78.0%) ...
( Phase TAQ
TAQ Phase()
) Phase TAQ
End Motu Toremo Hiva Boundary()
Moai Fall C_Date(1848.5,5)
  68.2% probability
    1841AD (68.2%) 1855AD
  95.4% probability
    1838AD (95.4%) 1858AD
( Before Moai Fall
Moai Fall Before()
  68.2% probability
    ... (68.2%) 1846
  95.4% probability
    ... (95.4%) 1840
) Before Moai Fall
( Sequence Motu Toremo Hiva
Motu Toremo Hiva Sequence()
) Sequence Motu Toremo Hiva
i : Using logs - local probility low
Posterior 
( MCMC(30000)
Warning! Poor agreement - A= 34.9%(A'c= 60.0%)
Warning! Poor agreement - A= 35.0%(A'c= 60.0%)
Charcoal Posterior 
  68.2% probability
    -14 (68.2%) 2
  95.4% probability
    -65 (95.4%) 2
Posterior 
Posterior 
  68.2% probability
    0 ( 3.4%) 0
    0 ( 3.2%) 0
    0 (61.6%) 1
  95.4% probability
    0 (95.4%) 2
 Agreement 100.0%
General Posterior 
  68.2% probability
    -16 (67.9%) 528
    533 ( 0.3%) 546
  95.4% probability
    -63 (95.3%) 6246
    6256 ( 0.1%) 6382
Posterior 
Posterior 
  68.2% probability
    2 (68.2%) 4
  95.4% probability
    0 ( 2.9%) 0
    0 ( 4.3%) 1
    1 ( 1.7%) 1
    1 (86.6%) 4
 Agreement 100.0%
Start_Colonization Posterior 
  68.2% probability
    1210AD (68.2%) 1262AD
  95.4% probability
    1153AD (95.4%) 1276AD
 Agreement  99.5%
Start TPQs Posterior 
  68.2% probability
    1290AD (68.2%) 1355AD
  95.4% probability
    1255AD (95.4%) 1396AD
KIA-26464 Posterior 
  68.2% probability
    1307AD (32.4%) 1334AD
    1350AD (35.8%) 1386AD
  95.4% probability
    1296AD (95.4%) 1400AD
 Agreement  94.0%
KIA-26453 Posterior 
  68.2% probability
    1311AD (68.2%) 1370AD
  95.4% probability
    1300AD (95.4%) 1400AD
 Agreement 101.7%
KIA-29812 Posterior 
  68.2% probability
    1318AD (68.2%) 1361AD
  95.4% probability
    1310AD (95.4%) 1404AD
 Agreement  94.0%
Start Motu Toremo Hiva Posterior 
  68.2% probability
    1327AD (24.0%) 1350AD
    1360AD (44.2%) 1399AD
  95.4% probability
    1316AD (95.4%) 1417AD
KIA-26452 Posterior 
  68.2% probability
    1348AD (14.1%) 1366AD
    1373AD (54.1%) 1409AD
  95.4% probability
    1323AD (95.4%) 1444AD
 Agreement  97.0%
KIA-26461 Posterior 
  68.2% probability
    1338AD (12.0%) 1354AD
    1385AD (56.2%) 1418AD
  95.4% probability
    1324AD (95.4%) 1446AD
 Agreement  99.7%
KIA-29813 Posterior 
  68.2% probability
    1340AD ( 5.9%) 1348AD
    1388AD (62.3%) 1423AD
  95.4% probability
    1325AD (95.4%) 1454AD
 Agreement 107.7%
Start TAQs Posterior 
  68.2% probability
    1345AD ( 5.8%) 1362AD
    1390AD (62.4%) 1475AD
  95.4% probability
    1330AD (95.1%) 1598AD
    1621AD ( 0.3%) 1626AD
KIA-29814 Posterior 
  68.2% probability
    1519AD (43.1%) 1583AD
    1626AD (25.1%) 1654AD
  95.4% probability
    1505AD (95.4%) 1686AD
 Agreement  99.7%
KIA-26487 Posterior 
  68.2% probability
    1654AD (40.4%) 1684AD
    1746AD (18.2%) 1772AD
    1784AD ( 9.6%) 1797AD
  95.4% probability
    1648AD (50.0%) 1707AD
    1734AD (45.4%) 1814AD
 Agreement  95.9%
LocalMarine Posterior 
  68.2% probability
    -146 (39.6%) -80
    74 (28.6%) 116
  95.4% probability
    -182 (59.6%) -42
    63 (35.8%) 128
Warning! Poor agreement - A= 51.3%(A'c= 60.0%)
 Poor agreement  51.3%
Mixed Posterior 
  68.2% probability
    13 (48.8%) 36
    64 (19.4%) 77
  95.4% probability
    7 (60.8%) 45
    55 (34.6%) 87
Warning! Poor agreement - A= 23.5%(A'c= 60.0%)
 Poor agreement  23.5%
KIA-26483 Posterior 
  68.2% probability
    1608AD (35.9%) 1730AD
    1807AD (32.3%) 1839AD
  95.4% probability
    1444AD (61.6%) 1785AD
    1802AD (33.8%) 1840AD
Warning! Poor agreement - A= 15.8%(A'c= 60.0%)
 Poor agreement  15.8%
End Motu Toremo Hiva Posterior 
  68.2% probability
    1760AD (68.2%) 1852AD
  95.4% probability
    1675AD (95.4%) 1854AD
Moai Fall Posterior 
  68.2% probability
    1843AD (68.2%) 1854AD
  95.4% probability
    1838AD (95.4%) 1860AD
 Agreement 100.0%
) MCMC(4224000)
