OxCal v4.3.2 Bronk Ramsey (2017); r:5
 IntCal13 atmospheric curve (Reimer et al 2013)
Exp(1,-10,0)
  68.2% probability
    -1 (68.2%) -0
  95.4% probability
    -3 (95.4%) -0
U(0,3)
  68.2% probability
    0 (68.2%) 3
  95.4% probability
    0 (95.4%) 3
Charcoal Outlier_Model()
SHCal13 Curve(SHCal13.14c)
 SHCal13 atmospheric curve (Hogg et al 2013)
Start_Colonization Prior(Start_Colonization.prior)
  68.2% probability
    1210AD (68.2%) 1263AD
  95.4% probability
    1151AD (95.4%) 1277AD
( After 
After()
  68.2% probability
    1245 (68.2%) ...
  95.4% probability
    1266 (95.4%) ...
) After 
Start TPQs Boundary()
Ua-13167 R_Date(645,50)
  68.2% probability
    1310AD (47.1%) 1360AD
    1379AD (21.1%) 1402AD
  95.4% probability
    1290AD (95.4%) 1420AD
Ua-13166 R_Date(635,50)
  68.2% probability
    1313AD (43.4%) 1358AD
    1380AD (24.8%) 1407AD
  95.4% probability
    1294AD (95.4%) 1424AD
( Phase TPQ
TPQ Phase()
) Phase TPQ
Start Ra'ai Boundary()
Ua-13165 R_Date(570,50)
  68.2% probability
    1391AD (68.2%) 1444AD
  95.4% probability
    1314AD (18.6%) 1358AD
    1380AD (76.8%) 1455AD
( Phase Targets
Targets Phase()
) Phase Targets
Start TAQs Boundary()
Ua-13164 R_Date(515,60)
  68.2% probability
    1399AD (68.2%) 1463AD
  95.4% probability
    1319AD ( 4.3%) 1352AD
    1385AD (85.1%) 1509AD
    1580AD ( 5.9%) 1621AD
Ua-13163 R_Date(135,60)
Warning! Date may extend out of range - 135+/-60BP
Warning! Date probably out of range - 135+/-60BP
  68.2% probability
    1697AD (10.8%) 1725AD
    1808AD (57.4%) ...
  95.4% probability
    1670AD (25.3%) 1748AD
    1755AD ( 5.0%) 1783AD
    1795AD (65.1%) ...
( Phase TAQ
TAQ Phase()
) Phase TAQ
End Ra'ai Boundary()
U(1838,1868)
  68.2% probability
    1837AD (68.2%) 1867AD
  95.4% probability
    1837AD (95.4%) 1867AD
( Before Moai Fall
Moai Fall Before()
  68.2% probability
    ... (68.2%) 1848
  95.4% probability
    ... (95.4%) 1840
) Before Moai Fall
( Sequence Ra'ai
Ra'ai Sequence()
) Sequence Ra'ai
i : Using logs - local probility low
Posterior 
( MCMC(30000)
Overall agreement  89.1%
Dynamic agreement  89.2%
Charcoal Posterior 
  68.2% probability
    -20 (68.2%) 2
  95.4% probability
    -139 (95.4%) 2
Posterior 
Posterior 
  68.2% probability
    0 (68.2%) 1
  95.4% probability
    0 (94.9%) 2
    2 ( 0.5%) 2
 Agreement 100.0%
Start_Colonization Posterior 
  68.2% probability
    1209AD (68.2%) 1261AD
  95.4% probability
    1150AD (95.4%) 1277AD
 Agreement  98.5%
Start TPQs Posterior 
  68.2% probability
    1288AD (68.2%) 1394AD
  95.4% probability
    1225AD (95.4%) 1434AD
Ua-13167 Posterior 
  68.2% probability
    1324AD (41.1%) 1370AD
    1376AD (27.1%) 1407AD
  95.4% probability
    1295AD (95.4%) 1456AD
 Agreement 105.3%
Ua-13166 Posterior 
  68.2% probability
    1323AD (41.5%) 1370AD
    1378AD (26.7%) 1409AD
  95.4% probability
    1296AD (95.4%) 1459AD
 Agreement 105.4%
Start Ra'ai Posterior 
  68.2% probability
    1353AD (68.2%) 1435AD
  95.4% probability
    1313AD (95.4%) 1509AD
Ua-13165 Posterior 
  68.2% probability
    1395AD (68.2%) 1454AD
  95.4% probability
    1329AD (95.4%) 1566AD
 Agreement 111.0%
Start TAQs Posterior 
  68.2% probability
    1398AD (68.2%) 1518AD
  95.4% probability
    1348AD (95.4%) 1695AD
Ua-13164 Posterior 
  68.2% probability
    1425AD (48.8%) 1514AD
    1588AD (19.4%) 1631AD
  95.4% probability
    1410AD (95.4%) 1733AD
 Agreement  74.0%
Ua-13163 Posterior 
  68.2% probability
    1672AD (68.2%) 1750AD
  95.4% probability
    1648AD (95.4%) 1841AD
 Agreement  80.2%
End Ra'ai Posterior 
  68.2% probability
    1728AD (68.2%) 1840AD
  95.4% probability
    1677AD (95.4%) 1863AD
Posterior 
  68.2% probability
    1847AD ( 3.8%) 1848AD
    1849AD (64.4%) 1867AD
  95.4% probability
    1838AD ( 0.3%) 1838AD
    1839AD (95.1%) 1867AD
 Agreement 100.0%
) MCMC(960000)
