OxCal v4.3.2 Bronk Ramsey (2017); r:5
 IntCal13 atmospheric curve (Reimer et al 2013)
T(5)
  68.2% probability
    -1 (68.2%) 1
  95.4% probability
    -3 (95.4%) 3
U(0,4)
  68.2% probability
    0 (68.2%) 4
  95.4% probability
    0 (95.4%) 4
General Outlier_Model()
SHCal13 Curve(SHCal13.14c)
 SHCal13 atmospheric curve (Hogg et al 2013)
Start Colonization SL Boundary()
Beta-209903 R_Date(870,80)
  68.2% probability
    1070AD ( 1.8%) 1076AD
    1148AD (66.4%) 1280AD
  95.4% probability
    1027AD (95.4%) 1300AD
Beta-209904 R_Date(870,40)
  68.2% probability
    1182AD (50.1%) 1234AD
    1242AD (18.1%) 1265AD
  95.4% probability
    1150AD (95.4%) 1280AD
SRR-2430 R_Date(820,40)
  68.2% probability
    1224AD (68.2%) 1274AD
  95.4% probability
    1186AD (95.4%) 1290AD
KIA-17107 R_Date(731,25)
  68.2% probability
    1282AD (43.7%) 1307AD
    1361AD (24.5%) 1378AD
  95.4% probability
    1275AD (59.0%) 1320AD
    1351AD (36.4%) 1385AD
Beta-196716 R_Date(720,60)
  68.2% probability
    1278AD (36.3%) 1321AD
    1348AD (31.9%) 1386AD
  95.4% probability
    1228AD ( 4.8%) 1252AD
    1258AD (90.6%) 1400AD
Beta-196715 R_Date(710,40)
  68.2% probability
    1287AD (33.7%) 1318AD
    1352AD (34.5%) 1384AD
  95.4% probability
    1278AD (95.4%) 1392AD
Beta-196712 R_Date(680,60)
  68.2% probability
    1298AD (24.9%) 1327AD
    1339AD (43.3%) 1390AD
  95.4% probability
    1274AD (95.4%) 1414AD
Beta-196713 R_Date(670,60)
  68.2% probability
    1302AD (53.3%) 1366AD
    1374AD (14.9%) 1392AD
  95.4% probability
    1277AD (95.4%) 1417AD
Beta-196711 R_Date(660,40)
  68.2% probability
    1310AD (52.1%) 1360AD
    1378AD (16.1%) 1394AD
  95.4% probability
    1293AD (95.4%) 1403AD
( Phase Colonization
Colonization Phase()
) Phase Colonization
End Boundary()
( Sequence Rapa Nui Colonization
Rapa Nui Colonization Sequence()
) Sequence Rapa Nui Colonization
i : Using logs - function probability low
Posterior 
( MCMC(30000)
Overall agreement 101.0%
Dynamic agreement 105.6%
General Posterior 
  68.2% probability
    -32 (68.2%) 27
  95.4% probability
    -116 (95.4%) 95
Posterior 
Posterior 
  68.2% probability
    0 (68.2%) 2
  95.4% probability
    0 (93.2%) 4
    4 ( 2.2%) 4
 Agreement 100.0%
Start Colonization SL Posterior 
  68.2% probability
    1206AD (68.2%) 1270AD
  95.4% probability
    1150AD (95.4%) 1288AD
Beta-209903 Posterior 
  68.2% probability
    1238AD (68.2%) 1293AD
  95.4% probability
    1182AD (94.6%) 1320AD
    1362AD ( 0.8%) 1371AD
 Agreement 102.6%
Beta-209904 Posterior 
  68.2% probability
    1238AD (68.2%) 1280AD
  95.4% probability
    1194AD (95.4%) 1293AD
 Agreement  88.4%
SRR-2430 Posterior 
  68.2% probability
    1244AD (68.2%) 1284AD
  95.4% probability
    1216AD (95.4%) 1297AD
 Agreement 103.2%
KIA-17107 Posterior 
  68.2% probability
    1280AD (68.2%) 1310AD
  95.4% probability
    1273AD (81.9%) 1320AD
    1354AD (13.5%) 1380AD
 Agreement 108.4%
Beta-196716 Posterior 
  68.2% probability
    1268AD (68.2%) 1327AD
  95.4% probability
    1242AD (95.4%) 1386AD
 Agreement 106.8%
Beta-196715 Posterior 
  68.2% probability
    1278AD (68.2%) 1322AD
  95.4% probability
    1274AD (95.4%) 1382AD
 Agreement 102.0%
Beta-196712 Posterior 
  68.2% probability
    1280AD (68.2%) 1336AD
  95.4% probability
    1268AD (95.4%) 1390AD
 Agreement 100.2%
Beta-196713 Posterior 
  68.2% probability
    1281AD (68.2%) 1340AD
  95.4% probability
    1270AD (95.4%) 1391AD
 Agreement  99.0%
Beta-196711 Posterior 
  68.2% probability
    1290AD (68.2%) 1340AD
  95.4% probability
    1282AD (95.4%) 1389AD
 Agreement  94.1%
End Posterior 
  68.2% probability
    1306AD (37.5%) 1348AD
    1356AD (30.7%) 1396AD
  95.4% probability
    1290AD (95.4%) 1433AD
) MCMC(960000)
