OxCal v4.3.2 Bronk Ramsey (2017); r:5
 IntCal13 atmospheric curve (Reimer et al 2013)
T(5)
  68.2% probability
    -1 (68.2%) 1
  95.4% probability
    -3 (95.4%) 3
U(0,4)
  68.2% probability
    0 (68.2%) 4
  95.4% probability
    0 (95.4%) 4
General Outlier_Model()
Exp(1,-10,0)
  68.2% probability
    -1 (68.2%) -0
  95.4% probability
    -3 (95.4%) -0
U(0,3)
  68.2% probability
    0 (68.2%) 3
  95.4% probability
    0 (95.4%) 3
Charcoal Outlier_Model()
SHCal13 Curve(SHCal13.14c)
 SHCal13 atmospheric curve (Hogg et al 2013)
Start Colonization Outlier Boundary()
Beta-209903 R_Date(870,80)
  68.2% probability
    1070AD ( 1.8%) 1076AD
    1148AD (66.4%) 1280AD
  95.4% probability
    1027AD (95.4%) 1300AD
Beta-209904 R_Date(870,40)
  68.2% probability
    1182AD (50.1%) 1234AD
    1242AD (18.1%) 1265AD
  95.4% probability
    1150AD (95.4%) 1280AD
SRR-2430 R_Date(820,40)
  68.2% probability
    1224AD (68.2%) 1274AD
  95.4% probability
    1186AD (95.4%) 1290AD
KIA-17107 R_Date(731,25)
  68.2% probability
    1282AD (43.7%) 1307AD
    1361AD (24.5%) 1378AD
  95.4% probability
    1275AD (59.0%) 1320AD
    1351AD (36.4%) 1385AD
Beta-196716 R_Date(720,60)
  68.2% probability
    1278AD (36.3%) 1321AD
    1348AD (31.9%) 1386AD
  95.4% probability
    1228AD ( 4.8%) 1252AD
    1258AD (90.6%) 1400AD
Beta-196715 R_Date(710,40)
  68.2% probability
    1287AD (33.7%) 1318AD
    1352AD (34.5%) 1384AD
  95.4% probability
    1278AD (95.4%) 1392AD
Beta-196712 R_Date(680,60)
  68.2% probability
    1298AD (24.9%) 1327AD
    1339AD (43.3%) 1390AD
  95.4% probability
    1274AD (95.4%) 1414AD
Beta-196713 R_Date(670,60)
  68.2% probability
    1302AD (53.3%) 1366AD
    1374AD (14.9%) 1392AD
  95.4% probability
    1277AD (95.4%) 1417AD
Beta-196711 R_Date(660,40)
  68.2% probability
    1310AD (52.1%) 1360AD
    1378AD (16.1%) 1394AD
  95.4% probability
    1293AD (95.4%) 1403AD
T-7346 R_Date(810,70)
  68.2% probability
    1199AD (68.2%) 1296AD
  95.4% probability
    1052AD ( 1.9%) 1080AD
    1146AD (84.7%) 1326AD
    1341AD ( 8.8%) 1390AD
T-7345 R_Date(810,80)
  68.2% probability
    1180AD (65.7%) 1301AD
    1366AD ( 2.5%) 1374AD
  95.4% probability
    1048AD ( 3.6%) 1084AD
    1138AD (91.8%) 1393AD
KIA-18835 R_Date(951,32)
  68.2% probability
    1046AD (29.4%) 1088AD
    1112AD ( 2.2%) 1117AD
    1132AD (36.6%) 1184AD
  95.4% probability
    1040AD (95.4%) 1206AD
KIA-17569 R_Date(659,33)
  68.2% probability
    1312AD (52.1%) 1359AD
    1379AD (16.1%) 1394AD
  95.4% probability
    1297AD (95.4%) 1400AD
KIA-17110 R_Date(654,22)
  68.2% probability
    1318AD (55.2%) 1352AD
    1384AD (13.0%) 1392AD
  95.4% probability
    1301AD (71.3%) 1365AD
    1375AD (24.1%) 1400AD
Beta-47281 R_Date(760,80)
  68.2% probability
    1226AD (52.3%) 1318AD
    1354AD (15.9%) 1383AD
  95.4% probability
    1162AD (95.4%) 1404AD
Beta-47173 R_Date(860,100)
  68.2% probability
    1050AD ( 7.9%) 1080AD
    1145AD (60.3%) 1288AD
  95.4% probability
    1022AD (91.1%) 1320AD
    1350AD ( 4.3%) 1386AD
Beta-47171 R_Date(660,80)
  68.2% probability
    1298AD (68.2%) 1398AD
  95.4% probability
    1234AD ( 0.8%) 1242AD
    1265AD (94.6%) 1444AD
Beta-47170 R_Date(900,60)
  68.2% probability
    1052AD ( 7.9%) 1078AD
    1146AD (52.3%) 1234AD
    1244AD ( 8.0%) 1264AD
  95.4% probability
    1043AD (95.4%) 1273AD
Beta-47169 R_Date(900,80)
  68.2% probability
    1050AD (11.1%) 1080AD
    1144AD (57.1%) 1266AD
  95.4% probability
    1025AD (95.4%) 1284AD
Beta-237462 R_Date(670,40)
  68.2% probability
    1304AD (54.4%) 1362AD
    1378AD (13.8%) 1391AD
  95.4% probability
    1290AD (95.4%) 1400AD
Beta-237459 R_Date(840,40)
  68.2% probability
    1216AD (68.2%) 1271AD
  95.4% probability
    1176AD (95.4%) 1285AD
Beta-199324 R_Date(1110,40)
  68.2% probability
    904AD (12.6%) 920AD
    968AD (55.6%) 1021AD
  95.4% probability
    889AD (95.4%) 1030AD
Beta-144310 R_Date(780,50)
  68.2% probability
    1225AD (68.2%) 1297AD
  95.4% probability
    1206AD (83.0%) 1321AD
    1349AD (12.4%) 1386AD
Beta-144308 R_Date(740,40)
  68.2% probability
    1275AD (45.4%) 1313AD
    1358AD (22.8%) 1380AD
  95.4% probability
    1230AD ( 4.0%) 1250AD
    1260AD (57.3%) 1326AD
    1340AD (34.1%) 1390AD
Beta-144307 R_Date(840,40)
  68.2% probability
    1216AD (68.2%) 1271AD
  95.4% probability
    1176AD (95.4%) 1285AD
Beta-144306 R_Date(790,80)
  68.2% probability
    1210AD (59.6%) 1312AD
    1358AD ( 8.6%) 1380AD
  95.4% probability
    1054AD ( 0.2%) 1058AD
    1068AD ( 0.6%) 1077AD
    1148AD (94.6%) 1398AD
AZ-7 R_Date(680,45)
  68.2% probability
    1298AD (24.5%) 1325AD
    1342AD (43.7%) 1390AD
  95.4% probability
    1284AD (95.4%) 1400AD
AZ-5 R_Date(715,70)
  68.2% probability
    1278AD (34.1%) 1326AD
    1341AD (34.1%) 1390AD
  95.4% probability
    1225AD (95.4%) 1405AD
( Phase Colonization
Colonization Phase()
) Phase Colonization
End Boundary()
( Sequence Rapa Nui Colonization
Rapa Nui Colonization Sequence()
) Sequence Rapa Nui Colonization
i : Using logs - function probability low
Posterior 
( MCMC(30000)
Overall agreement 120.5%
Dynamic agreement 121.0%
General Posterior 
  68.2% probability
    -30 (68.2%) 26
  95.4% probability
    -148 (95.4%) 88
Posterior 
Posterior 
  68.2% probability
    0 (68.2%) 2
  95.4% probability
    0 (94.9%) 4
    4 ( 0.5%) 4
 Agreement 100.0%
Charcoal Posterior 
  68.2% probability
    -64 (68.2%) -1
  95.4% probability
    -265 ( 0.1%) -262
    -208 (95.3%) 2
Posterior 
Posterior 
  68.2% probability
    2 (68.2%) 2
  95.4% probability
    1 (95.4%) 2
 Agreement 100.0%
Start Colonization Outlier Posterior 
  68.2% probability
    1210AD (68.2%) 1262AD
  95.4% probability
    1151AD (95.4%) 1276AD
Beta-209903 Posterior 
  68.2% probability
    1230AD (68.2%) 1290AD
  95.4% probability
    1190AD (89.9%) 1320AD
    1350AD ( 5.5%) 1381AD
 Agreement 102.2%
Beta-209904 Posterior 
  68.2% probability
    1238AD (68.2%) 1276AD
  95.4% probability
    1192AD (95.4%) 1287AD
 Agreement  93.1%
SRR-2430 Posterior 
  68.2% probability
    1243AD (68.2%) 1282AD
  95.4% probability
    1213AD (95.4%) 1297AD
 Agreement 106.1%
KIA-17107 Posterior 
  68.2% probability
    1281AD (53.0%) 1310AD
    1362AD (15.2%) 1374AD
  95.4% probability
    1274AD (66.2%) 1320AD
    1350AD (29.2%) 1384AD
 Agreement 102.4%
Beta-196716 Posterior 
  68.2% probability
    1276AD (43.6%) 1324AD
    1345AD (24.6%) 1379AD
  95.4% probability
    1240AD ( 1.4%) 1249AD
    1255AD (94.0%) 1393AD
 Agreement 105.7%
Beta-196715 Posterior 
  68.2% probability
    1285AD (42.7%) 1320AD
    1352AD (25.5%) 1377AD
  95.4% probability
    1278AD (95.4%) 1386AD
 Agreement 101.6%
Beta-196712 Posterior 
  68.2% probability
    1294AD (68.2%) 1364AD
  95.4% probability
    1275AD (95.4%) 1396AD
 Agreement 105.8%
Beta-196713 Posterior 
  68.2% probability
    1295AD (68.2%) 1364AD
  95.4% probability
    1278AD (95.4%) 1397AD
 Agreement 106.4%
Beta-196711 Posterior 
  68.2% probability
    1302AD (68.2%) 1360AD
  95.4% probability
    1290AD (95.4%) 1395AD
 Agreement 104.4%
T-7346 Posterior 
  68.2% probability
    1249AD (68.2%) 1338AD
  95.4% probability
    1220AD (95.4%) 1394AD
 Agreement 115.3%
T-7345 Posterior 
  68.2% probability
    1248AD (68.2%) 1340AD
  95.4% probability
    1220AD (95.4%) 1395AD
 Agreement 118.2%
KIA-18835 Posterior 
  68.2% probability
    1218AD (68.2%) 1312AD
  95.4% probability
    1176AD (95.4%) 1378AD
 Agreement  93.3%
KIA-17569 Posterior 
  68.2% probability
    1324AD (68.2%) 1377AD
  95.4% probability
    1306AD (95.4%) 1406AD
 Agreement 100.7%
KIA-17110 Posterior 
  68.2% probability
    1328AD (68.2%) 1374AD
  95.4% probability
    1314AD (95.4%) 1405AD
 Agreement 101.0%
Beta-47281 Posterior 
  68.2% probability
    1270AD (68.2%) 1366AD
  95.4% probability
    1234AD (95.4%) 1401AD
 Agreement 108.2%
Beta-47173 Posterior 
  68.2% probability
    1240AD (68.2%) 1336AD
  95.4% probability
    1206AD (95.4%) 1394AD
 Agreement 117.7%
Beta-47171 Posterior 
  68.2% probability
    1311AD (68.2%) 1381AD
  95.4% probability
    1268AD (95.4%) 1413AD
 Agreement  99.2%
Beta-47170 Posterior 
  68.2% probability
    1230AD (68.2%) 1320AD
  95.4% probability
    1195AD (95.4%) 1380AD
 Agreement 107.7%
Beta-47169 Posterior 
  68.2% probability
    1234AD (68.2%) 1324AD
  95.4% probability
    1196AD (95.4%) 1385AD
 Agreement 106.9%
Beta-237462 Posterior 
  68.2% probability
    1320AD (68.2%) 1379AD
  95.4% probability
    1300AD (95.4%) 1406AD
 Agreement  99.7%
Beta-237459 Posterior 
  68.2% probability
    1244AD (68.2%) 1321AD
  95.4% probability
    1218AD (95.4%) 1378AD
 Agreement 105.6%
Beta-199324 Posterior 
  68.2% probability
    1218AD (68.2%) 1314AD
  95.4% probability
    1140AD ( 0.8%) 1150AD
    1170AD (94.6%) 1384AD
 Agreement  82.3%
Beta-144310 Posterior 
  68.2% probability
    1259AD (68.2%) 1343AD
  95.4% probability
    1236AD (95.4%) 1392AD
 Agreement 108.1%
Beta-144308 Posterior 
  68.2% probability
    1290AD (58.2%) 1353AD
    1360AD (10.0%) 1376AD
  95.4% probability
    1266AD (95.4%) 1406AD
 Agreement 102.5%
Beta-144307 Posterior 
  68.2% probability
    1243AD (68.2%) 1321AD
  95.4% probability
    1219AD (95.4%) 1380AD
 Agreement 105.6%
Beta-144306 Posterior 
  68.2% probability
    1254AD (68.2%) 1348AD
  95.4% probability
    1224AD (95.4%) 1398AD
 Agreement 115.4%
AZ-7 Posterior 
  68.2% probability
    1316AD (68.2%) 1379AD
  95.4% probability
    1295AD (95.4%) 1405AD
 Agreement  98.9%
AZ-5 Posterior 
  68.2% probability
    1298AD (68.2%) 1379AD
  95.4% probability
    1252AD (95.4%) 1406AD
 Agreement  98.0%
End Posterior 
  68.2% probability
    1365AD (68.2%) 1410AD
  95.4% probability
    1338AD (95.4%) 1435AD
) MCMC(1920000)
