OxCal v4.3.2 Bronk Ramsey (2017); r:5
 IntCal13 atmospheric curve (Reimer et al 2013)
Exp(1,-10,0)
  68.2% probability
    -1 (68.2%) -0
  95.4% probability
    -3 (95.4%) -0
U(0,3)
  68.2% probability
    0 (68.2%) 3
  95.4% probability
    0 (95.4%) 3
Charcoal Outlier_Model()
SHCal13 Curve(SHCal13.14c)
 SHCal13 atmospheric curve (Hogg et al 2013)
Start_Colonization Prior(Start_Colonization.prior)
  68.2% probability
    1210AD (68.2%) 1262AD
  95.4% probability
    1151AD (95.4%) 1276AD
( After 
After()
  68.2% probability
    1244 (68.2%) ...
  95.4% probability
    1266 (95.4%) ...
) After 
Start TPQs Boundary()
Ua-13284 R_Date(475,60)
  68.2% probability
    1416AD (61.8%) 1500AD
    1597AD ( 6.4%) 1610AD
  95.4% probability
    1400AD (72.4%) 1518AD
    1538AD (23.0%) 1626AD
( Phase TPQ
TPQ Phase()
) Phase TPQ
End TPQs Boundary()
Start Tautira 
Start TAQs Boundary()
Ua-13162 R_Date(720,50)
  68.2% probability
    1280AD (36.5%) 1320AD
    1350AD (31.7%) 1386AD
  95.4% probability
    1234AD ( 1.2%) 1242AD
    1265AD (94.2%) 1398AD
Ua-13161 R_Date(220,50)
Warning! Date may extend out of range - 220+/-50BP
  68.2% probability
    1650AD (21.1%) 1698AD
    1724AD (44.3%) 1808AD
    1839AD ( 0.7%) 1842AD
    1869AD ( 2.1%) 1876AD
  95.4% probability
    1637AD (72.5%) 1819AD
    1826AD (14.1%) 1895AD
    1905AD ( 8.8%) ...
( Phase TAQ
TAQ Phase()
) Phase TAQ
End Tautira Boundary()
Moai Fall C_Date(1848.5,5)
  68.2% probability
    1841AD (68.2%) 1855AD
  95.4% probability
    1838AD (95.4%) 1858AD
( Before Moai Fall
Moai Fall Before()
  68.2% probability
    ... (68.2%) 1846
  95.4% probability
    ... (95.4%) 1840
) Before Moai Fall
( Sequence Tautira
Tautira Sequence()
) Sequence Tautira
i : Using logs - local probility low
Posterior 
( MCMC(30000)
Overall agreement 100.1%
Dynamic agreement  99.6%
Charcoal Posterior 
  68.2% probability
    -452 (12.9%) -371
    -154 (55.3%) -3
  95.4% probability
    -494 (29.4%) -267
    -262 (66.0%) -2
Posterior 
Posterior 
  68.2% probability
    2 (68.2%) 3
  95.4% probability
    2 (95.4%) 3
 Agreement 100.0%
Start_Colonization Posterior 
  68.2% probability
    1210AD (68.2%) 1262AD
  95.4% probability
    1150AD (95.4%) 1277AD
 Agreement  99.3%
Start TPQs Posterior 
  68.2% probability
    1430AD (68.2%) 1686AD
  95.4% probability
    1291AD (95.4%) 1792AD
Ua-13284 Posterior 
  68.2% probability
    1476AD (68.2%) 1676AD
  95.4% probability
    1438AD (95.4%) 1780AD
 Agreement 102.7%
End TPQs Posterior 
  68.2% probability
    1534AD (68.2%) 1730AD
  95.4% probability
    1470AD (95.4%) 1800AD
Start Tautira Posterior 
  68.2% probability
    1600AD (68.2%) 1774AD
  95.4% probability
    1506AD (95.4%) 1818AD
Start TAQs Posterior 
  68.2% probability
    1652AD (68.2%) 1804AD
  95.4% probability
    1540AD (95.4%) 1836AD
Ua-13162 Posterior 
  68.2% probability
    1684AD (68.2%) 1819AD
  95.4% probability
    1573AD (95.4%) 1846AD
 Agreement 100.3%
Ua-13161 Posterior 
  68.2% probability
    1696AD (68.2%) 1816AD
  95.4% probability
    1553AD ( 0.2%) 1556AD
    1562AD ( 1.7%) 1590AD
    1640AD (93.4%) 1848AD
 Agreement  98.0%
End Tautira Posterior 
  68.2% probability
    1738AD (68.2%) 1847AD
  95.4% probability
    1584AD ( 0.6%) 1596AD
    1644AD (94.8%) 1856AD
Moai Fall Posterior 
  68.2% probability
    1843AD (68.2%) 1854AD
  95.4% probability
    1838AD (95.4%) 1858AD
 Agreement 100.0%
) MCMC(3840000)
